Arguments: 
  /Users/harrisoncramer/.nvm/versions/node/v13.7.0/bin/node /usr/local/Cellar/yarn/1.22.5/libexec/bin/yarn.js add nodemon

PATH: 
  /Library/PostgreSQL/13/bin:/Users/harrisoncramer/Scripts/cloners:/Users/harrisoncramer/Scripts:/Users/harrisoncramer/.nvm/versions/node/v13.7.0/bin:/Users/harrisoncramer/bin:/usr/local/bin:/Library/PostgreSQL/13/bin:/Users/harrisoncramer/Scripts/cloners:/Users/harrisoncramer/Scripts:/Users/harrisoncramer/bin:/usr/local/bin:/usr/local/bin:/usr/bin:/bin:/usr/sbin:/sbin:/Library/Apple/usr/bin:/Users/harrisoncramer/.fzf/bin

Yarn version: 
  1.22.5

Node version: 
  13.7.0

Platform: 
  darwin x64

Trace: 
  SyntaxError: /Users/harrisoncramer/Desktop/Code/projects/typescriptDesignPatterns/package.json: Unexpected token } in JSON at position 143
      at JSON.parse (<anonymous>)
      at /usr/local/Cellar/yarn/1.22.5/libexec/lib/cli.js:1625:59
      at Generator.next (<anonymous>)
      at step (/usr/local/Cellar/yarn/1.22.5/libexec/lib/cli.js:310:30)
      at /usr/local/Cellar/yarn/1.22.5/libexec/lib/cli.js:321:13

npm manifest: 
  {
    "name": "typescriptDesignPatterns",
    "version": "1.0.0",
    "main": "index.js",
    "license": "MIT",
    "scripts": {
      "dev": "nodemon",
    }
  }

yarn manifest: 
  No manifest

Lockfile: 
  No lockfile
